<?xml version="1.0" encoding="UTF-8"?>
<testsuites tests="136" failures="5" disabled="0" errors="0" time="1.17" timestamp="2025-08-19T20:41:26.441" name="AllTests">
  <testsuite name="LoudnessMetricsTest" tests="3" failures="0" disabled="0" skipped="0" errors="0" time="0.07" timestamp="2025-08-19T20:41:26.441">
    <testcase name="ZeroInput_UserRmsZero_NormalizationUnityAndDeviationMinusOne" file="/home/xbyooki/projects/hma-gamecalls-engine/tests/unit/test_loudness_metrics.cpp" line="52" status="run" result="completed" time="0.023" timestamp="2025-08-19T20:41:26.441" classname="LoudnessMetricsTest" />
    <testcase name="ClippingInput_UserMuchLouder_NormalizationClampedLow_PositiveDeviation" file="/home/xbyooki/projects/hma-gamecalls-engine/tests/unit/test_loudness_metrics.cpp" line="77" status="run" result="completed" time="0.022" timestamp="2025-08-19T20:41:26.465" classname="LoudnessMetricsTest" />
    <testcase name="VeryQuietInput_UserMuchQuieter_NormalizationHigh_DeviationNegative" file="/home/xbyooki/projects/hma-gamecalls-engine/tests/unit/test_loudness_metrics.cpp" line="102" status="run" result="completed" time="0.023" timestamp="2025-08-19T20:41:26.487" classname="LoudnessMetricsTest" />
  </testsuite>
  <testsuite name="MFCCDirectValidationTest" tests="1" failures="0" disabled="0" skipped="0" errors="0" time="0" timestamp="2025-08-19T20:41:26.511">
    <testcase name="InputValidationPaths" file="/home/xbyooki/projects/hma-gamecalls-engine/tests/unit/analyzers/test_mfcc_direct_validation.cpp" line="155" status="run" result="completed" time="0" timestamp="2025-08-19T20:41:26.511" classname="MFCCDirectValidationTest" />
  </testsuite>
  <testsuite name="OptimizedAudioIO_Min" tests="1" failures="0" disabled="0" skipped="0" errors="0" time="0" timestamp="2025-08-19T20:41:26.511">
    <testcase name="MemoryMappedDefaultsAndOpenFail" file="/home/xbyooki/projects/hma-gamecalls-engine/tests/unit/io_opt/test_optimized_audio_io_minimal.cpp" line="8" status="run" result="completed" time="0" timestamp="2025-08-19T20:41:26.511" classname="OptimizedAudioIO_Min" />
  </testsuite>
  <testsuite name="OptimizedAudioRecorder" tests="4" failures="0" disabled="0" skipped="0" errors="0" time="0.001" timestamp="2025-08-19T20:41:26.511">
    <testcase name="MemoryMode_BasicBuffering" file="/home/xbyooki/projects/hma-gamecalls-engine/tests/unit/io_opt/test_optimized_audio_recorder.cpp" line="25" status="run" result="completed" time="0" timestamp="2025-08-19T20:41:26.511" classname="OptimizedAudioRecorder" />
    <testcase name="MemoryMode_CopyAndInfo" file="/home/xbyooki/projects/hma-gamecalls-engine/tests/unit/io_opt/test_optimized_audio_recorder.cpp" line="51" status="run" result="completed" time="0" timestamp="2025-08-19T20:41:26.512" classname="OptimizedAudioRecorder" />
    <testcase name="HybridMode_MemoryAndFilePaths" file="/home/xbyooki/projects/hma-gamecalls-engine/tests/unit/io_opt/test_optimized_audio_recorder.cpp" line="117" status="run" result="completed" time="0.001" timestamp="2025-08-19T20:41:26.512" classname="OptimizedAudioRecorder" />
    <testcase name="SaveMemoryToFile_WritesValidWav" file="/home/xbyooki/projects/hma-gamecalls-engine/tests/unit/io_opt/test_optimized_audio_recorder.cpp" line="140" status="run" result="completed" time="0" timestamp="2025-08-19T20:41:26.513" classname="OptimizedAudioRecorder" />
  </testsuite>
  <testsuite name="UnifiedEngineComprehensiveTest" tests="1" failures="0" disabled="0" skipped="0" errors="0" time="0.014" timestamp="2025-08-19T20:41:26.513">
    <testcase name="MemoryLeakPreventionTest" file="/home/xbyooki/projects/hma-gamecalls-engine/tests/unit/core/test_unified_engine_comprehensive.cpp" line="701" status="run" result="completed" time="0.014" timestamp="2025-08-19T20:41:26.513" classname="UnifiedEngineComprehensiveTest" />
  </testsuite>
  <testsuite name="ErrorHandlingTest" tests="1" failures="0" disabled="0" skipped="0" errors="0" time="0.015" timestamp="2025-08-19T20:41:26.528">
    <testcase name="MemoryStressTest" file="/home/xbyooki/projects/hma-gamecalls-engine/tests/unit/utils/test_error_handling_comprehensive.cpp" line="213" status="run" result="completed" time="0.015" timestamp="2025-08-19T20:41:26.528" classname="ErrorHandlingTest" />
  </testsuite>
  <testsuite name="SessionStateTest" tests="1" failures="0" disabled="0" skipped="0" errors="0" time="0.037" timestamp="2025-08-19T20:41:26.544">
    <testcase name="ConcurrentSessionAccess" file="/home/xbyooki/projects/hma-gamecalls-engine/tests/unit/utils/test_session_state_comprehensive.cpp" line="324" status="run" result="completed" time="0.037" timestamp="2025-08-19T20:41:26.544" classname="SessionStateTest" />
  </testsuite>
  <testsuite name="AccessControllerComprehensiveTest" tests="15" failures="0" disabled="0" skipped="0" errors="0" time="0" timestamp="2025-08-19T20:41:26.582">
    <testcase name="InitializationTest" file="/home/xbyooki/projects/hma-gamecalls-engine/tests/unit/security/test_access_controller_comprehensive.cpp" line="45" status="run" result="completed" time="0" timestamp="2025-08-19T20:41:26.582" classname="AccessControllerComprehensiveTest" />
    <testcase name="AuthenticationTest" file="/home/xbyooki/projects/hma-gamecalls-engine/tests/unit/security/test_access_controller_comprehensive.cpp" line="50" status="run" result="completed" time="0" timestamp="2025-08-19T20:41:26.582" classname="AccessControllerComprehensiveTest" />
    <testcase name="SessionManagementTest" file="/home/xbyooki/projects/hma-gamecalls-engine/tests/unit/security/test_access_controller_comprehensive.cpp" line="62" status="run" result="completed" time="0" timestamp="2025-08-19T20:41:26.582" classname="AccessControllerComprehensiveTest" />
    <testcase name="AuthorizationTest" file="/home/xbyooki/projects/hma-gamecalls-engine/tests/unit/security/test_access_controller_comprehensive.cpp" line="80" status="run" result="completed" time="0" timestamp="2025-08-19T20:41:26.582" classname="AccessControllerComprehensiveTest" />
    <testcase name="RoleManagementTest" file="/home/xbyooki/projects/hma-gamecalls-engine/tests/unit/security/test_access_controller_comprehensive.cpp" line="98" status="run" result="completed" time="0" timestamp="2025-08-19T20:41:26.582" classname="AccessControllerComprehensiveTest" />
    <testcase name="MultipleSessionsTest" file="/home/xbyooki/projects/hma-gamecalls-engine/tests/unit/security/test_access_controller_comprehensive.cpp" line="115" status="run" result="completed" time="0" timestamp="2025-08-19T20:41:26.582" classname="AccessControllerComprehensiveTest" />
    <testcase name="AccessPolicyTest" file="/home/xbyooki/projects/hma-gamecalls-engine/tests/unit/security/test_access_controller_comprehensive.cpp" line="140" status="run" result="completed" time="0" timestamp="2025-08-19T20:41:26.582" classname="AccessControllerComprehensiveTest" />
    <testcase name="SessionTimeoutTest" file="/home/xbyooki/projects/hma-gamecalls-engine/tests/unit/security/test_access_controller_comprehensive.cpp" line="158" status="run" result="completed" time="0" timestamp="2025-08-19T20:41:26.582" classname="AccessControllerComprehensiveTest" />
    <testcase name="ConcurrentSessionLimitsTest" file="/home/xbyooki/projects/hma-gamecalls-engine/tests/unit/security/test_access_controller_comprehensive.cpp" line="173" status="run" result="completed" time="0" timestamp="2025-08-19T20:41:26.582" classname="AccessControllerComprehensiveTest" />
    <testcase name="InvalidSessionTest" file="/home/xbyooki/projects/hma-gamecalls-engine/tests/unit/security/test_access_controller_comprehensive.cpp" line="193" status="run" result="completed" time="0" timestamp="2025-08-19T20:41:26.582" classname="AccessControllerComprehensiveTest" />
    <testcase name="AuthenticationEdgeCasesTest" file="/home/xbyooki/projects/hma-gamecalls-engine/tests/unit/security/test_access_controller_comprehensive.cpp" line="202" status="run" result="completed" time="0" timestamp="2025-08-19T20:41:26.582" classname="AccessControllerComprehensiveTest" />
    <testcase name="AuthorizationEdgeCasesTest" file="/home/xbyooki/projects/hma-gamecalls-engine/tests/unit/security/test_access_controller_comprehensive.cpp" line="217" status="run" result="completed" time="0" timestamp="2025-08-19T20:41:26.582" classname="AccessControllerComprehensiveTest" />
    <testcase name="RoleHierarchyTest" file="/home/xbyooki/projects/hma-gamecalls-engine/tests/unit/security/test_access_controller_comprehensive.cpp" line="227" status="run" result="completed" time="0" timestamp="2025-08-19T20:41:26.582" classname="AccessControllerComprehensiveTest" />
    <testcase name="SessionSecurityTest" file="/home/xbyooki/projects/hma-gamecalls-engine/tests/unit/security/test_access_controller_comprehensive.cpp" line="251" status="run" result="completed" time="0" timestamp="2025-08-19T20:41:26.582" classname="AccessControllerComprehensiveTest" />
    <testcase name="StressTest" file="/home/xbyooki/projects/hma-gamecalls-engine/tests/unit/security/test_access_controller_comprehensive.cpp" line="267" status="run" result="completed" time="0" timestamp="2025-08-19T20:41:26.582" classname="AccessControllerComprehensiveTest" />
  </testsuite>
  <testsuite name="MemoryManagementTest" tests="7" failures="0" disabled="0" skipped="0" errors="0" time="0.953" timestamp="2025-08-19T20:41:26.583">
    <testcase name="SessionLifecycleMemoryTest" file="/home/xbyooki/projects/hma-gamecalls-engine/tests/unit/security/test_memory_management_comprehensive.cpp" line="48" status="run" result="completed" time="0.026" timestamp="2025-08-19T20:41:26.583" classname="MemoryManagementTest" />
    <testcase name="LargeBufferHandling" file="/home/xbyooki/projects/hma-gamecalls-engine/tests/unit/security/test_memory_management_comprehensive.cpp" line="87" status="run" result="completed" time="0.569" timestamp="2025-08-19T20:41:26.609" classname="MemoryManagementTest" />
    <testcase name="ConcurrentMemoryAccess" file="/home/xbyooki/projects/hma-gamecalls-engine/tests/unit/security/test_memory_management_comprehensive.cpp" line="122" status="run" result="completed" time="0.086" timestamp="2025-08-19T20:41:27.179" classname="MemoryManagementTest" />
    <testcase name="MemoryLeakDetection" file="/home/xbyooki/projects/hma-gamecalls-engine/tests/unit/security/test_memory_management_comprehensive.cpp" line="174" status="run" result="completed" time="0.095" timestamp="2025-08-19T20:41:27.265" classname="MemoryManagementTest" />
    <testcase name="BufferReuseEfficiency" file="/home/xbyooki/projects/hma-gamecalls-engine/tests/unit/security/test_memory_management_comprehensive.cpp" line="216" status="run" result="completed" time="0.158" timestamp="2025-08-19T20:41:27.361" classname="MemoryManagementTest" />
    <testcase name="FragmentationResistance" file="/home/xbyooki/projects/hma-gamecalls-engine/tests/unit/security/test_memory_management_comprehensive.cpp" line="263" status="run" result="completed" time="0.015" timestamp="2025-08-19T20:41:27.520" classname="MemoryManagementTest" />
    <testcase name="ZeroSizeBufferHandling" file="/home/xbyooki/projects/hma-gamecalls-engine/tests/unit/security/test_memory_management_comprehensive.cpp" line="305" status="run" result="completed" time="0" timestamp="2025-08-19T20:41:27.536" classname="MemoryManagementTest" />
  </testsuite>
  <testsuite name="PerformanceProfilerComprehensiveTest" tests="2" failures="0" disabled="0" skipped="0" errors="0" time="0.051" timestamp="2025-08-19T20:41:27.536">
    <testcase name="MemoryTrackingAccuracy" file="/home/xbyooki/projects/hma-gamecalls-engine/tests/performance/profiling/test_performance_profiler_comprehensive.cpp" line="209" status="run" result="completed" time="0.02" timestamp="2025-08-19T20:41:27.536" classname="PerformanceProfilerComprehensiveTest" />
    <testcase name="MemoryHistoryRetrieval" file="/home/xbyooki/projects/hma-gamecalls-engine/tests/performance/profiling/test_performance_profiler_comprehensive.cpp" line="437" status="run" result="completed" time="0.031" timestamp="2025-08-19T20:41:27.557" classname="PerformanceProfilerComprehensiveTest" />
  </testsuite>
  <testsuite name="RecordingSystemTest" tests="4" failures="4" disabled="0" skipped="0" errors="0" time="0.001" timestamp="2025-08-19T20:41:27.588">
    <testcase name="MemoryRecording" file="/home/xbyooki/projects/hma-gamecalls-engine/tests/unit/core/test_recording_system.cpp" line="188" status="run" result="completed" time="0" timestamp="2025-08-19T20:41:27.588" classname="RecordingSystemTest">
      <failure message="unknown file&#x0A;C++ exception with description &quot;filesystem error: cannot create directories: Permission denied [/workspaces/huntmaster-engine/data/recordings/]&quot; thrown in SetUp()." type=""><![CDATA[unknown file
C++ exception with description "filesystem error: cannot create directories: Permission denied [/workspaces/huntmaster-engine/data/recordings/]" thrown in SetUp().]]></failure>
    </testcase>
    <testcase name="MemoryRecordingBuffer" file="/home/xbyooki/projects/hma-gamecalls-engine/tests/unit/core/test_recording_system.cpp" line="224" status="run" result="completed" time="0" timestamp="2025-08-19T20:41:27.588" classname="RecordingSystemTest">
      <failure message="unknown file&#x0A;C++ exception with description &quot;filesystem error: cannot create directories: Permission denied [/workspaces/huntmaster-engine/data/recordings/]&quot; thrown in SetUp()." type=""><![CDATA[unknown file
C++ exception with description "filesystem error: cannot create directories: Permission denied [/workspaces/huntmaster-engine/data/recordings/]" thrown in SetUp().]]></failure>
    </testcase>
    <testcase name="MemoryRecordingInvalidDuration" file="/home/xbyooki/projects/hma-gamecalls-engine/tests/unit/core/test_recording_system.cpp" line="428" status="run" result="completed" time="0" timestamp="2025-08-19T20:41:27.588" classname="RecordingSystemTest">
      <failure message="unknown file&#x0A;C++ exception with description &quot;filesystem error: cannot create directories: Permission denied [/workspaces/huntmaster-engine/data/recordings/]&quot; thrown in SetUp()." type=""><![CDATA[unknown file
C++ exception with description "filesystem error: cannot create directories: Permission denied [/workspaces/huntmaster-engine/data/recordings/]" thrown in SetUp().]]></failure>
    </testcase>
    <testcase name="ConcurrentMemoryRecording" file="/home/xbyooki/projects/hma-gamecalls-engine/tests/unit/core/test_recording_system.cpp" line="500" status="run" result="completed" time="0" timestamp="2025-08-19T20:41:27.589" classname="RecordingSystemTest">
      <failure message="unknown file&#x0A;C++ exception with description &quot;filesystem error: cannot create directories: Permission denied [/workspaces/huntmaster-engine/data/recordings/]&quot; thrown in SetUp()." type=""><![CDATA[unknown file
C++ exception with description "filesystem error: cannot create directories: Permission denied [/workspaces/huntmaster-engine/data/recordings/]" thrown in SetUp().]]></failure>
    </testcase>
  </testsuite>
  <testsuite name="MemoryGuardTest" tests="31" failures="0" disabled="0" skipped="0" errors="0" time="0.006" timestamp="2025-08-19T20:41:27.589">
    <testcase name="ConstructorDestructorTest" file="/home/xbyooki/projects/hma-gamecalls-engine/tests/unit/security/test_memory_guard.cpp" line="96" status="run" result="completed" time="0.002" timestamp="2025-08-19T20:41:27.589" classname="MemoryGuardTest" />
    <testcase name="GuardInstallationTest" file="/home/xbyooki/projects/hma-gamecalls-engine/tests/unit/security/test_memory_guard.cpp" line="101" status="run" result="completed" time="0" timestamp="2025-08-19T20:41:27.591" classname="MemoryGuardTest" />
    <testcase name="InvalidGuardInstallationTest" file="/home/xbyooki/projects/hma-gamecalls-engine/tests/unit/security/test_memory_guard.cpp" line="117" status="run" result="completed" time="0" timestamp="2025-08-19T20:41:27.591" classname="MemoryGuardTest" />
    <testcase name="ValidMemoryAccessTest" file="/home/xbyooki/projects/hma-gamecalls-engine/tests/unit/security/test_memory_guard.cpp" line="129" status="run" result="completed" time="0" timestamp="2025-08-19T20:41:27.591" classname="MemoryGuardTest" />
    <testcase name="InvalidMemoryAccessTest" file="/home/xbyooki/projects/hma-gamecalls-engine/tests/unit/security/test_memory_guard.cpp" line="144" status="run" result="completed" time="0" timestamp="2025-08-19T20:41:27.591" classname="MemoryGuardTest" />
    <testcase name="StackIntegrityValidationTest" file="/home/xbyooki/projects/hma-gamecalls-engine/tests/unit/security/test_memory_guard.cpp" line="163" status="run" result="completed" time="0" timestamp="2025-08-19T20:41:27.591" classname="MemoryGuardTest" />
    <testcase name="HeapIntegrityValidationTest" file="/home/xbyooki/projects/hma-gamecalls-engine/tests/unit/security/test_memory_guard.cpp" line="174" status="run" result="completed" time="0" timestamp="2025-08-19T20:41:27.591" classname="MemoryGuardTest" />
    <testcase name="PointerValidationTest" file="/home/xbyooki/projects/hma-gamecalls-engine/tests/unit/security/test_memory_guard.cpp" line="183" status="run" result="completed" time="0" timestamp="2025-08-19T20:41:27.591" classname="MemoryGuardTest" />
    <testcase name="BufferIntegrityValidationTest" file="/home/xbyooki/projects/hma-gamecalls-engine/tests/unit/security/test_memory_guard.cpp" line="196" status="run" result="completed" time="0" timestamp="2025-08-19T20:41:27.591" classname="MemoryGuardTest" />
    <testcase name="CanaryGenerationTest" file="/home/xbyooki/projects/hma-gamecalls-engine/tests/unit/security/test_memory_guard.cpp" line="211" status="run" result="completed" time="0" timestamp="2025-08-19T20:41:27.591" classname="MemoryGuardTest" />
    <testcase name="CanaryValidationTest" file="/home/xbyooki/projects/hma-gamecalls-engine/tests/unit/security/test_memory_guard.cpp" line="223" status="run" result="completed" time="0" timestamp="2025-08-19T20:41:27.591" classname="MemoryGuardTest" />
    <testcase name="CanaryUpdateTest" file="/home/xbyooki/projects/hma-gamecalls-engine/tests/unit/security/test_memory_guard.cpp" line="239" status="run" result="completed" time="0" timestamp="2025-08-19T20:41:27.591" classname="MemoryGuardTest" />
    <testcase name="ViolationReportingTest" file="/home/xbyooki/projects/hma-gamecalls-engine/tests/unit/security/test_memory_guard.cpp" line="254" status="run" result="completed" time="0" timestamp="2025-08-19T20:41:27.591" classname="MemoryGuardTest" />
    <testcase name="MultipleViolationReportingTest" file="/home/xbyooki/projects/hma-gamecalls-engine/tests/unit/security/test_memory_guard.cpp" line="267" status="run" result="completed" time="0" timestamp="2025-08-19T20:41:27.591" classname="MemoryGuardTest" />
    <testcase name="ViolationHistoryClearTest" file="/home/xbyooki/projects/hma-gamecalls-engine/tests/unit/security/test_memory_guard.cpp" line="282" status="run" result="completed" time="0" timestamp="2025-08-19T20:41:27.591" classname="MemoryGuardTest" />
    <testcase name="RuntimeMonitoringTest" file="/home/xbyooki/projects/hma-gamecalls-engine/tests/unit/security/test_memory_guard.cpp" line="298" status="run" result="completed" time="0" timestamp="2025-08-19T20:41:27.591" classname="MemoryGuardTest" />
    <testcase name="GuardedAllocationsCountTest" file="/home/xbyooki/projects/hma-gamecalls-engine/tests/unit/security/test_memory_guard.cpp" line="312" status="run" result="completed" time="0" timestamp="2025-08-19T20:41:27.591" classname="MemoryGuardTest" />
    <testcase name="ViolationCountAndRateTest" file="/home/xbyooki/projects/hma-gamecalls-engine/tests/unit/security/test_memory_guard.cpp" line="334" status="run" result="completed" time="0" timestamp="2025-08-19T20:41:27.591" classname="MemoryGuardTest" />
    <testcase name="MemoryStatisticsTest" file="/home/xbyooki/projects/hma-gamecalls-engine/tests/unit/security/test_memory_guard.cpp" line="351" status="run" result="completed" time="0" timestamp="2025-08-19T20:41:27.591" classname="MemoryGuardTest" />
    <testcase name="GuardAuditTest" file="/home/xbyooki/projects/hma-gamecalls-engine/tests/unit/security/test_memory_guard.cpp" line="364" status="run" result="completed" time="0" timestamp="2025-08-19T20:41:27.591" classname="MemoryGuardTest" />
    <testcase name="MemoryAuditTest" file="/home/xbyooki/projects/hma-gamecalls-engine/tests/unit/security/test_memory_guard.cpp" line="382" status="run" result="completed" time="0" timestamp="2025-08-19T20:41:27.591" classname="MemoryGuardTest" />
    <testcase name="SecureMemoryOperationsTest" file="/home/xbyooki/projects/hma-gamecalls-engine/tests/unit/security/test_memory_guard.cpp" line="388" status="run" result="completed" time="0" timestamp="2025-08-19T20:41:27.591" classname="MemoryGuardTest" />
    <testcase name="MemoryProtectionTest" file="/home/xbyooki/projects/hma-gamecalls-engine/tests/unit/security/test_memory_guard.cpp" line="402" status="run" result="completed" time="0" timestamp="2025-08-19T20:41:27.591" classname="MemoryGuardTest" />
    <testcase name="MemoryLeakDetectionTest" file="/home/xbyooki/projects/hma-gamecalls-engine/tests/unit/security/test_memory_guard.cpp" line="414" status="run" result="completed" time="0" timestamp="2025-08-19T20:41:27.591" classname="MemoryGuardTest" />
    <testcase name="ScopedMemoryGuardTest" file="/home/xbyooki/projects/hma-gamecalls-engine/tests/unit/security/test_memory_guard.cpp" line="431" status="run" result="completed" time="0" timestamp="2025-08-19T20:41:27.591" classname="MemoryGuardTest" />
    <testcase name="ConcurrentGuardInstallationTest" file="/home/xbyooki/projects/hma-gamecalls-engine/tests/unit/security/test_memory_guard.cpp" line="448" status="run" result="completed" time="0" timestamp="2025-08-19T20:41:27.591" classname="MemoryGuardTest" />
    <testcase name="ConcurrentViolationReportingTest" file="/home/xbyooki/projects/hma-gamecalls-engine/tests/unit/security/test_memory_guard.cpp" line="494" status="run" result="completed" time="0.001" timestamp="2025-08-19T20:41:27.592" classname="MemoryGuardTest" />
    <testcase name="GuardInstallationPerformanceTest" file="/home/xbyooki/projects/hma-gamecalls-engine/tests/unit/security/test_memory_guard.cpp" line="526" status="run" result="completed" time="0.001" timestamp="2025-08-19T20:41:27.594" classname="MemoryGuardTest" />
    <testcase name="ValidationPerformanceTest" file="/home/xbyooki/projects/hma-gamecalls-engine/tests/unit/security/test_memory_guard.cpp" line="559" status="run" result="completed" time="0" timestamp="2025-08-19T20:41:27.595" classname="MemoryGuardTest" />
    <testcase name="BoundaryConditionsTest" file="/home/xbyooki/projects/hma-gamecalls-engine/tests/unit/security/test_memory_guard.cpp" line="587" status="run" result="completed" time="0" timestamp="2025-08-19T20:41:27.595" classname="MemoryGuardTest" />
    <testcase name="ErrorConditionsTest" file="/home/xbyooki/projects/hma-gamecalls-engine/tests/unit/security/test_memory_guard.cpp" line="606" status="run" result="completed" time="0" timestamp="2025-08-19T20:41:27.595" classname="MemoryGuardTest" />
  </testsuite>
  <testsuite name="AccessControllerTest" tests="33" failures="0" disabled="0" skipped="0" errors="0" time="0.007" timestamp="2025-08-19T20:41:27.595">
    <testcase name="ConstructorDestructorTest" file="/home/xbyooki/projects/hma-gamecalls-engine/tests/unit/security/test_access_controller.cpp" line="144" status="run" result="completed" time="0" timestamp="2025-08-19T20:41:27.595" classname="AccessControllerTest" />
    <testcase name="ValidAuthenticationTest" file="/home/xbyooki/projects/hma-gamecalls-engine/tests/unit/security/test_access_controller.cpp" line="149" status="run" result="completed" time="0" timestamp="2025-08-19T20:41:27.595" classname="AccessControllerTest" />
    <testcase name="InvalidAuthenticationTest" file="/home/xbyooki/projects/hma-gamecalls-engine/tests/unit/security/test_access_controller.cpp" line="157" status="run" result="completed" time="0" timestamp="2025-08-19T20:41:27.595" classname="AccessControllerTest" />
    <testcase name="EmptyCredentialsTest" file="/home/xbyooki/projects/hma-gamecalls-engine/tests/unit/security/test_access_controller.cpp" line="164" status="run" result="completed" time="0" timestamp="2025-08-19T20:41:27.596" classname="AccessControllerTest" />
    <testcase name="AdminAuthorizationTest" file="/home/xbyooki/projects/hma-gamecalls-engine/tests/unit/security/test_access_controller.cpp" line="172" status="run" result="completed" time="0" timestamp="2025-08-19T20:41:27.596" classname="AccessControllerTest" />
    <testcase name="UserAuthorizationTest" file="/home/xbyooki/projects/hma-gamecalls-engine/tests/unit/security/test_access_controller.cpp" line="183" status="run" result="completed" time="0" timestamp="2025-08-19T20:41:27.596" classname="AccessControllerTest" />
    <testcase name="GuestAuthorizationTest" file="/home/xbyooki/projects/hma-gamecalls-engine/tests/unit/security/test_access_controller.cpp" line="199" status="run" result="completed" time="0" timestamp="2025-08-19T20:41:27.596" classname="AccessControllerTest" />
    <testcase name="UnauthorizedUserTest" file="/home/xbyooki/projects/hma-gamecalls-engine/tests/unit/security/test_access_controller.cpp" line="210" status="run" result="completed" time="0" timestamp="2025-08-19T20:41:27.596" classname="AccessControllerTest" />
    <testcase name="SessionCreationTest" file="/home/xbyooki/projects/hma-gamecalls-engine/tests/unit/security/test_access_controller.cpp" line="219" status="run" result="completed" time="0" timestamp="2025-08-19T20:41:27.596" classname="AccessControllerTest" />
    <testcase name="SessionValidationTest" file="/home/xbyooki/projects/hma-gamecalls-engine/tests/unit/security/test_access_controller.cpp" line="233" status="run" result="completed" time="0" timestamp="2025-08-19T20:41:27.596" classname="AccessControllerTest" />
    <testcase name="SessionDestructionTest" file="/home/xbyooki/projects/hma-gamecalls-engine/tests/unit/security/test_access_controller.cpp" line="245" status="run" result="completed" time="0" timestamp="2025-08-19T20:41:27.596" classname="AccessControllerTest" />
    <testcase name="MultipleSessionsTest" file="/home/xbyooki/projects/hma-gamecalls-engine/tests/unit/security/test_access_controller.cpp" line="257" status="run" result="completed" time="0" timestamp="2025-08-19T20:41:27.596" classname="AccessControllerTest" />
    <testcase name="AddRoleTest" file="/home/xbyooki/projects/hma-gamecalls-engine/tests/unit/security/test_access_controller.cpp" line="279" status="run" result="completed" time="0" timestamp="2025-08-19T20:41:27.596" classname="AccessControllerTest" />
    <testcase name="RemoveRoleTest" file="/home/xbyooki/projects/hma-gamecalls-engine/tests/unit/security/test_access_controller.cpp" line="288" status="run" result="completed" time="0" timestamp="2025-08-19T20:41:27.596" classname="AccessControllerTest" />
    <testcase name="MultipleRolesTest" file="/home/xbyooki/projects/hma-gamecalls-engine/tests/unit/security/test_access_controller.cpp" line="297" status="run" result="completed" time="0" timestamp="2025-08-19T20:41:27.596" classname="AccessControllerTest" />
    <testcase name="GetUserRolesTest" file="/home/xbyooki/projects/hma-gamecalls-engine/tests/unit/security/test_access_controller.cpp" line="309" status="run" result="completed" time="0" timestamp="2025-08-19T20:41:27.596" classname="AccessControllerTest" />
    <testcase name="InvalidRoleOperationsTest" file="/home/xbyooki/projects/hma-gamecalls-engine/tests/unit/security/test_access_controller.cpp" line="325" status="run" result="completed" time="0" timestamp="2025-08-19T20:41:27.596" classname="AccessControllerTest" />
    <testcase name="HasPermissionTest" file="/home/xbyooki/projects/hma-gamecalls-engine/tests/unit/security/test_access_controller.cpp" line="338" status="run" result="completed" time="0" timestamp="2025-08-19T20:41:27.596" classname="AccessControllerTest" />
    <testcase name="SetAccessPolicyTest" file="/home/xbyooki/projects/hma-gamecalls-engine/tests/unit/security/test_access_controller.cpp" line="352" status="run" result="completed" time="0" timestamp="2025-08-19T20:41:27.596" classname="AccessControllerTest" />
    <testcase name="GetAccessPolicyTest" file="/home/xbyooki/projects/hma-gamecalls-engine/tests/unit/security/test_access_controller.cpp" line="367" status="run" result="completed" time="0" timestamp="2025-08-19T20:41:27.596" classname="AccessControllerTest" />
    <testcase name="UpdateAccessPolicyTest" file="/home/xbyooki/projects/hma-gamecalls-engine/tests/unit/security/test_access_controller.cpp" line="378" status="run" result="completed" time="0" timestamp="2025-08-19T20:41:27.596" classname="AccessControllerTest" />
    <testcase name="NonExistentPolicyTest" file="/home/xbyooki/projects/hma-gamecalls-engine/tests/unit/security/test_access_controller.cpp" line="398" status="run" result="completed" time="0" timestamp="2025-08-19T20:41:27.596" classname="AccessControllerTest" />
    <testcase name="AccessAuditTest" file="/home/xbyooki/projects/hma-gamecalls-engine/tests/unit/security/test_access_controller.cpp" line="407" status="run" result="completed" time="0" timestamp="2025-08-19T20:41:27.596" classname="AccessControllerTest" />
    <testcase name="ConcurrentAuthenticationTest" file="/home/xbyooki/projects/hma-gamecalls-engine/tests/unit/security/test_access_controller.cpp" line="425" status="run" result="completed" time="0.001" timestamp="2025-08-19T20:41:27.596" classname="AccessControllerTest" />
    <testcase name="ConcurrentSessionManagementTest" file="/home/xbyooki/projects/hma-gamecalls-engine/tests/unit/security/test_access_controller.cpp" line="466" status="run" result="completed" time="0" timestamp="2025-08-19T20:41:27.598" classname="AccessControllerTest" />
    <testcase name="ConcurrentAuthorizationTest" file="/home/xbyooki/projects/hma-gamecalls-engine/tests/unit/security/test_access_controller.cpp" line="517" status="run" result="completed" time="0" timestamp="2025-08-19T20:41:27.599" classname="AccessControllerTest" />
    <testcase name="AuthenticationPerformanceTest" file="/home/xbyooki/projects/hma-gamecalls-engine/tests/unit/security/test_access_controller.cpp" line="552" status="run" result="completed" time="0" timestamp="2025-08-19T20:41:27.599" classname="AccessControllerTest" />
    <testcase name="AuthorizationPerformanceTest" file="/home/xbyooki/projects/hma-gamecalls-engine/tests/unit/security/test_access_controller.cpp" line="574" status="run" result="completed" time="0.003" timestamp="2025-08-19T20:41:27.599" classname="AccessControllerTest" />
    <testcase name="LongUserNamesAndResourcesTest" file="/home/xbyooki/projects/hma-gamecalls-engine/tests/unit/security/test_access_controller.cpp" line="598" status="run" result="completed" time="0" timestamp="2025-08-19T20:41:27.603" classname="AccessControllerTest" />
    <testcase name="SpecialCharactersTest" file="/home/xbyooki/projects/hma-gamecalls-engine/tests/unit/security/test_access_controller.cpp" line="611" status="run" result="completed" time="0" timestamp="2025-08-19T20:41:27.603" classname="AccessControllerTest" />
    <testcase name="SessionTimeoutTest" file="/home/xbyooki/projects/hma-gamecalls-engine/tests/unit/security/test_access_controller.cpp" line="624" status="run" result="completed" time="0" timestamp="2025-08-19T20:41:27.603" classname="AccessControllerTest" />
    <testcase name="MaxConcurrentSessionsTest" file="/home/xbyooki/projects/hma-gamecalls-engine/tests/unit/security/test_access_controller.cpp" line="637" status="run" result="completed" time="0" timestamp="2025-08-19T20:41:27.603" classname="AccessControllerTest" />
    <testcase name="ResourceHierarchyTest" file="/home/xbyooki/projects/hma-gamecalls-engine/tests/unit/security/test_access_controller.cpp" line="654" status="run" result="completed" time="0" timestamp="2025-08-19T20:41:27.603" classname="AccessControllerTest" />
  </testsuite>
  <testsuite name="InputValidatorTest" tests="32" failures="1" disabled="0" skipped="0" errors="0" time="0.008" timestamp="2025-08-19T20:41:27.603">
    <testcase name="ConstructorDestructorTest" file="/home/xbyooki/projects/hma-gamecalls-engine/tests/unit/security/test_input_validator.cpp" line="128" status="run" result="completed" time="0" timestamp="2025-08-19T20:41:27.603" classname="InputValidatorTest" />
    <testcase name="ConfigurationUpdateTest" file="/home/xbyooki/projects/hma-gamecalls-engine/tests/unit/security/test_input_validator.cpp" line="142" status="run" result="completed" time="0" timestamp="2025-08-19T20:41:27.603" classname="InputValidatorTest" />
    <testcase name="ValidAudioBufferTest" file="/home/xbyooki/projects/hma-gamecalls-engine/tests/unit/security/test_input_validator.cpp" line="160" status="run" result="completed" time="0" timestamp="2025-08-19T20:41:27.603" classname="InputValidatorTest" />
    <testcase name="InvalidAudioBufferTest" file="/home/xbyooki/projects/hma-gamecalls-engine/tests/unit/security/test_input_validator.cpp" line="166" status="run" result="completed" time="0" timestamp="2025-08-19T20:41:27.603" classname="InputValidatorTest" />
    <testcase name="NullAudioBufferTest" file="/home/xbyooki/projects/hma-gamecalls-engine/tests/unit/security/test_input_validator.cpp" line="172" status="run" result="completed" time="0" timestamp="2025-08-19T20:41:27.603" classname="InputValidatorTest" />
    <testcase name="ZeroLengthAudioBufferTest" file="/home/xbyooki/projects/hma-gamecalls-engine/tests/unit/security/test_input_validator.cpp" line="176" status="run" result="completed" time="0" timestamp="2025-08-19T20:41:27.603" classname="InputValidatorTest" />
    <testcase name="OversizedAudioBufferTest" file="/home/xbyooki/projects/hma-gamecalls-engine/tests/unit/security/test_input_validator.cpp" line="182" status="run" result="completed" time="0" timestamp="2025-08-19T20:41:27.603" classname="InputValidatorTest" />
    <testcase name="ValidAudioFormatTest" file="/home/xbyooki/projects/hma-gamecalls-engine/tests/unit/security/test_input_validator.cpp" line="189" status="run" result="completed" time="0" timestamp="2025-08-19T20:41:27.603" classname="InputValidatorTest" />
    <testcase name="InvalidAudioFormatTest" file="/home/xbyooki/projects/hma-gamecalls-engine/tests/unit/security/test_input_validator.cpp" line="195" status="run" result="completed" time="0" timestamp="2025-08-19T20:41:27.603" classname="InputValidatorTest" />
    <testcase name="ValidAudioConfigurationTest" file="/home/xbyooki/projects/hma-gamecalls-engine/tests/unit/security/test_input_validator.cpp" line="224" status="run" result="completed" time="0" timestamp="2025-08-19T20:41:27.603" classname="InputValidatorTest" />
    <testcase name="InvalidAudioConfigurationTest" file="/home/xbyooki/projects/hma-gamecalls-engine/tests/unit/security/test_input_validator.cpp" line="230" status="run" result="completed" time="0" timestamp="2025-08-19T20:41:27.603" classname="InputValidatorTest" />
    <testcase name="ValidWasmFunctionCallTest" file="/home/xbyooki/projects/hma-gamecalls-engine/tests/unit/security/test_input_validator.cpp" line="249" status="run" result="completed" time="0" timestamp="2025-08-19T20:41:27.603" classname="InputValidatorTest" />
    <testcase name="InvalidWasmFunctionCallTest" file="/home/xbyooki/projects/hma-gamecalls-engine/tests/unit/security/test_input_validator.cpp" line="256" status="run" result="completed" time="0" timestamp="2025-08-19T20:41:27.603" classname="InputValidatorTest" />
    <testcase name="ValidWasmMemoryAccessTest" file="/home/xbyooki/projects/hma-gamecalls-engine/tests/unit/security/test_input_validator.cpp" line="273" status="run" result="completed" time="0" timestamp="2025-08-19T20:41:27.603" classname="InputValidatorTest" />
    <testcase name="InvalidWasmMemoryAccessTest" file="/home/xbyooki/projects/hma-gamecalls-engine/tests/unit/security/test_input_validator.cpp" line="281" status="run" result="completed" time="0" timestamp="2025-08-19T20:41:27.603" classname="InputValidatorTest" />
    <testcase name="ValidStringTest" file="/home/xbyooki/projects/hma-gamecalls-engine/tests/unit/security/test_input_validator.cpp" line="299" status="run" result="completed" time="0" timestamp="2025-08-19T20:41:27.603" classname="InputValidatorTest" />
    <testcase name="InvalidStringTest" file="/home/xbyooki/projects/hma-gamecalls-engine/tests/unit/security/test_input_validator.cpp" line="307" status="run" result="completed" time="0" timestamp="2025-08-19T20:41:27.603" classname="InputValidatorTest">
      <failure message="/home/xbyooki/projects/hma-gamecalls-engine/tests/unit/security/test_input_validator.cpp:317&#x0A;Value of: validator_-&gt;validateString(nullByteString, StringType::Generic)&#x0A;  Actual: true&#x0A;Expected: false" type=""><![CDATA[/home/xbyooki/projects/hma-gamecalls-engine/tests/unit/security/test_input_validator.cpp:317
Value of: validator_->validateString(nullByteString, StringType::Generic)
  Actual: true
Expected: false]]></failure>
    </testcase>
    <testcase name="FilePathValidationTest" file="/home/xbyooki/projects/hma-gamecalls-engine/tests/unit/security/test_input_validator.cpp" line="324" status="run" result="completed" time="0" timestamp="2025-08-19T20:41:27.603" classname="InputValidatorTest" />
    <testcase name="ValidNumericInputTest" file="/home/xbyooki/projects/hma-gamecalls-engine/tests/unit/security/test_input_validator.cpp" line="340" status="run" result="completed" time="0" timestamp="2025-08-19T20:41:27.603" classname="InputValidatorTest" />
    <testcase name="InvalidNumericInputTest" file="/home/xbyooki/projects/hma-gamecalls-engine/tests/unit/security/test_input_validator.cpp" line="348" status="run" result="completed" time="0" timestamp="2025-08-19T20:41:27.603" classname="InputValidatorTest" />
    <testcase name="ValidNetworkDataTest" file="/home/xbyooki/projects/hma-gamecalls-engine/tests/unit/security/test_input_validator.cpp" line="365" status="run" result="completed" time="0" timestamp="2025-08-19T20:41:27.603" classname="InputValidatorTest" />
    <testcase name="InvalidNetworkDataTest" file="/home/xbyooki/projects/hma-gamecalls-engine/tests/unit/security/test_input_validator.cpp" line="371" status="run" result="completed" time="0" timestamp="2025-08-19T20:41:27.603" classname="InputValidatorTest" />
    <testcase name="ValidHttpRequestTest" file="/home/xbyooki/projects/hma-gamecalls-engine/tests/unit/security/test_input_validator.cpp" line="384" status="run" result="completed" time="0" timestamp="2025-08-19T20:41:27.603" classname="InputValidatorTest" />
    <testcase name="InvalidHttpRequestTest" file="/home/xbyooki/projects/hma-gamecalls-engine/tests/unit/security/test_input_validator.cpp" line="390" status="run" result="completed" time="0" timestamp="2025-08-19T20:41:27.603" classname="InputValidatorTest" />
    <testcase name="ValidConfigurationTest" file="/home/xbyooki/projects/hma-gamecalls-engine/tests/unit/security/test_input_validator.cpp" line="415" status="run" result="completed" time="0" timestamp="2025-08-19T20:41:27.603" classname="InputValidatorTest" />
    <testcase name="InvalidConfigurationTest" file="/home/xbyooki/projects/hma-gamecalls-engine/tests/unit/security/test_input_validator.cpp" line="427" status="run" result="completed" time="0" timestamp="2025-08-19T20:41:27.603" classname="InputValidatorTest" />
    <testcase name="MaliciousPatternDetectionTest" file="/home/xbyooki/projects/hma-gamecalls-engine/tests/unit/security/test_input_validator.cpp" line="448" status="run" result="completed" time="0" timestamp="2025-08-19T20:41:27.603" classname="InputValidatorTest" />
    <testcase name="SecurityRulesUpdateTest" file="/home/xbyooki/projects/hma-gamecalls-engine/tests/unit/security/test_input_validator.cpp" line="471" status="run" result="completed" time="0" timestamp="2025-08-19T20:41:27.603" classname="InputValidatorTest" />
    <testcase name="ErrorReportingTest" file="/home/xbyooki/projects/hma-gamecalls-engine/tests/unit/security/test_input_validator.cpp" line="487" status="run" result="completed" time="0" timestamp="2025-08-19T20:41:27.603" classname="InputValidatorTest" />
    <testcase name="PerformanceTest" file="/home/xbyooki/projects/hma-gamecalls-engine/tests/unit/security/test_input_validator.cpp" line="505" status="run" result="completed" time="0.004" timestamp="2025-08-19T20:41:27.603" classname="InputValidatorTest" />
    <testcase name="ConcurrentValidationTest" file="/home/xbyooki/projects/hma-gamecalls-engine/tests/unit/security/test_input_validator.cpp" line="528" status="run" result="completed" time="0" timestamp="2025-08-19T20:41:27.608" classname="InputValidatorTest" />
    <testcase name="BoundaryConditionsTest" file="/home/xbyooki/projects/hma-gamecalls-engine/tests/unit/security/test_input_validator.cpp" line="566" status="run" result="completed" time="0.002" timestamp="2025-08-19T20:41:27.608" classname="InputValidatorTest" />
  </testsuite>
</testsuites>
