<?xml version="1.0" encoding="UTF-8"?>
<testsuites tests="16" failures="2" disabled="0" errors="0" time="0.72" timestamp="2025-08-19T20:41:27.911" name="AllTests">
  <testsuite name="DebugLoggerTest" tests="16" failures="2" disabled="0" skipped="0" errors="0" time="0.72" timestamp="2025-08-19T20:41:27.911">
    <testcase name="SingletonInstanceTest" file="/home/xbyooki/projects/hma-gamecalls-engine/tests/unit/utils/test_debug_logger.cpp" line="103" status="run" result="completed" time="0" timestamp="2025-08-19T20:41:27.911" classname="DebugLoggerTest" />
    <testcase name="DefaultConfigurationTest" file="/home/xbyooki/projects/hma-gamecalls-engine/tests/unit/utils/test_debug_logger.cpp" line="111" status="run" result="completed" time="0" timestamp="2025-08-19T20:41:27.912" classname="DebugLoggerTest" />
    <testcase name="LoggingLevelTest" file="/home/xbyooki/projects/hma-gamecalls-engine/tests/unit/utils/test_debug_logger.cpp" line="123" status="run" result="completed" time="0" timestamp="2025-08-19T20:41:27.912" classname="DebugLoggerTest" />
    <testcase name="LoggingLevelFilteringTest" file="/home/xbyooki/projects/hma-gamecalls-engine/tests/unit/utils/test_debug_logger.cpp" line="146" status="run" result="completed" time="0.05" timestamp="2025-08-19T20:41:27.912" classname="DebugLoggerTest" />
    <testcase name="ComponentFilteringTest" file="/home/xbyooki/projects/hma-gamecalls-engine/tests/unit/utils/test_debug_logger.cpp" line="181" status="run" result="completed" time="0.05" timestamp="2025-08-19T20:41:27.963" classname="DebugLoggerTest" />
    <testcase name="FileLoggingTest" file="/home/xbyooki/projects/hma-gamecalls-engine/tests/unit/utils/test_debug_logger.cpp" line="208" status="run" result="completed" time="0.05" timestamp="2025-08-19T20:41:28.013" classname="DebugLoggerTest" />
    <testcase name="MultipleFileLoggingTest" file="/home/xbyooki/projects/hma-gamecalls-engine/tests/unit/utils/test_debug_logger.cpp" line="230" status="run" result="completed" time="0.1" timestamp="2025-08-19T20:41:28.064" classname="DebugLoggerTest">
      <failure message="/home/xbyooki/projects/hma-gamecalls-engine/tests/unit/utils/test_debug_logger.cpp:248&#x0A;Expected equality of these values:&#x0A;  log1.find(&quot;message2&quot;)&#x0A;    Which is: 75&#x0A;  std::string::npos&#x0A;    Which is: 18446744073709551615" type=""><![CDATA[/home/xbyooki/projects/hma-gamecalls-engine/tests/unit/utils/test_debug_logger.cpp:248
Expected equality of these values:
  log1.find("message2")
    Which is: 75
  std::string::npos
    Which is: 18446744073709551615]]></failure>
      <failure message="/home/xbyooki/projects/hma-gamecalls-engine/tests/unit/utils/test_debug_logger.cpp:250&#x0A;Expected: (log2.find(&quot;message2&quot;)) != (std::string::npos), actual: 18446744073709551615 vs 18446744073709551615" type=""><![CDATA[/home/xbyooki/projects/hma-gamecalls-engine/tests/unit/utils/test_debug_logger.cpp:250
Expected: (log2.find("message2")) != (std::string::npos), actual: 18446744073709551615 vs 18446744073709551615]]></failure>
    </testcase>
    <testcase name="ConsoleLoggingTest" file="/home/xbyooki/projects/hma-gamecalls-engine/tests/unit/utils/test_debug_logger.cpp" line="255" status="run" result="completed" time="0" timestamp="2025-08-19T20:41:28.165" classname="DebugLoggerTest" />
    <testcase name="MessageFormattingTest" file="/home/xbyooki/projects/hma-gamecalls-engine/tests/unit/utils/test_debug_logger.cpp" line="268" status="run" result="completed" time="0.05" timestamp="2025-08-19T20:41:28.165" classname="DebugLoggerTest">
      <failure message="/home/xbyooki/projects/hma-gamecalls-engine/tests/unit/utils/test_debug_logger.cpp:289&#x0A;Expected: (logContents.find(&quot;UNIFIED_ENGINE&quot;)) != (std::string::npos), actual: 18446744073709551615 vs 18446744073709551615" type=""><![CDATA[/home/xbyooki/projects/hma-gamecalls-engine/tests/unit/utils/test_debug_logger.cpp:289
Expected: (logContents.find("UNIFIED_ENGINE")) != (std::string::npos), actual: 18446744073709551615 vs 18446744073709551615]]></failure>
    </testcase>
    <testcase name="ThreadSafetyTest" file="/home/xbyooki/projects/hma-gamecalls-engine/tests/unit/utils/test_debug_logger.cpp" line="297" status="run" result="completed" time="0.11" timestamp="2025-08-19T20:41:28.216" classname="DebugLoggerTest" />
    <testcase name="PerformanceTest" file="/home/xbyooki/projects/hma-gamecalls-engine/tests/unit/utils/test_debug_logger.cpp" line="358" status="run" result="completed" time="0.002" timestamp="2025-08-19T20:41:28.326" classname="DebugLoggerTest" />
    <testcase name="EmptyMessageTest" file="/home/xbyooki/projects/hma-gamecalls-engine/tests/unit/utils/test_debug_logger.cpp" line="391" status="run" result="completed" time="0.05" timestamp="2025-08-19T20:41:28.329" classname="DebugLoggerTest" />
    <testcase name="LongMessageTest" file="/home/xbyooki/projects/hma-gamecalls-engine/tests/unit/utils/test_debug_logger.cpp" line="407" status="run" result="completed" time="0.1" timestamp="2025-08-19T20:41:28.379" classname="DebugLoggerTest" />
    <testcase name="SpecialCharactersTest" file="/home/xbyooki/projects/hma-gamecalls-engine/tests/unit/utils/test_debug_logger.cpp" line="427" status="run" result="completed" time="0.05" timestamp="2025-08-19T20:41:28.480" classname="DebugLoggerTest" />
    <testcase name="ConfigurationPersistenceTest" file="/home/xbyooki/projects/hma-gamecalls-engine/tests/unit/utils/test_debug_logger.cpp" line="445" status="run" result="completed" time="0.05" timestamp="2025-08-19T20:41:28.531" classname="DebugLoggerTest" />
    <testcase name="LoggingMacrosTest" file="/home/xbyooki/projects/hma-gamecalls-engine/tests/unit/utils/test_debug_logger.cpp" line="468" status="run" result="completed" time="0.05" timestamp="2025-08-19T20:41:28.581" classname="DebugLoggerTest" />
  </testsuite>
</testsuites>
